<?xml version="1.0" encoding="UTF-8"?>
<!-- Generated by org.testng.reporters.JUnitReportReporter -->
<testsuite hostname="LAPTOP-QLBGFCLU" failures="0" tests="1" name="com.telus.NewTest" time="12.948" errors="0" timestamp="2023-03-02T11:38:39 IST" skipped="0">
  <testcase classname="com.telus.NewTest" name="registerDemo" time="12.948"/>
  <system-out/>
</testsuite> <!-- com.telus.NewTest -->
