<?xml version="1.0" encoding="UTF-8"?>
<!-- Generated by org.testng.reporters.JUnitReportReporter -->
<testsuite hostname="LAPTOP-QLBGFCLU" failures="0" tests="1" name="com.telus.NewTest" time="16.035" errors="0" timestamp="2023-03-03T10:33:29 IST" skipped="0">
  <testcase classname="com.telus.NewTest" name="registerDemo" time="16.035"/>
  <system-out/>
</testsuite> <!-- com.telus.NewTest -->
